<?xml version="1.0" encoding="UTF-8"?>
<testng-results ignored="0" total="1" passed="1" failed="0" skipped="0">
  <reporter-output>
  </reporter-output>
  <suite started-at="2026-01-20T23:50:46 EET" name="Default suite" finished-at="2026-01-20T23:53:14 EET" duration-ms="148078">
    <groups>
    </groups>
    <test started-at="2026-01-20T23:50:46 EET" name="Default test" finished-at="2026-01-20T23:53:14 EET" duration-ms="148078">
      <class name="tests.LoginTest">
        <test-method is-config="true" signature="setUp()[pri:0, instance:tests.LoginTest@7db12bb6]" started-at="2026-01-20T23:50:46 EET" name="setUp" finished-at="2026-01-20T23:51:24 EET" duration-ms="37691" status="PASS">
          <reporter-output>
          </reporter-output>
        </test-method> <!-- setUp -->
        <test-method signature="userCanLoginSuccessfully()[pri:0, instance:tests.LoginTest@7db12bb6]" started-at="2026-01-20T23:51:24 EET" name="userCanLoginSuccessfully" finished-at="2026-01-20T23:53:14 EET" duration-ms="110022" status="PASS">
          <reporter-output>
          </reporter-output>
        </test-method> <!-- userCanLoginSuccessfully -->
        <test-method is-config="true" signature="tearDown(org.testng.ITestResult)[pri:0, instance:tests.LoginTest@7db12bb6]" started-at="2026-01-20T23:53:14 EET" name="tearDown" finished-at="2026-01-20T23:53:14 EET" duration-ms="295" status="PASS">
          <params>
            <param index="0">
              <value>
                <![CDATA[[TestResult name=userCanLoginSuccessfully status=SUCCESS method=LoginTest.userCanLoginSuccessfully()[pri:0, instance:tests.LoginTest@7db12bb6] output={null}]]]>
              </value>
            </param>
          </params>
          <reporter-output>
          </reporter-output>
        </test-method> <!-- tearDown -->
      </class> <!-- tests.LoginTest -->
    </test> <!-- Default test -->
  </suite> <!-- Default suite -->
</testng-results>
